<?xml version="1.0" encoding="UTF-8"?>
<!-- Generated by org.testng.reporters.JUnitXMLReporter -->
<testsuite ignored="2" hostname="DESKTOP-MGUTKMH" failures="0" tests="1" name="Test" time="26.564" errors="0" timestamp="16 Sep 2024 17:08:42 GMT">
  <testcase classname="com.comcast.crm.orgtest.CreateOrganizationTest" name="createOrganizationTest" time="14.775"/>
  <testcase classname="com.comcast.crm.orgtest.CreateOrganizationTest" name="createOrgWithPhoneNumTest" time="0.0">
    <ignored/>
  </testcase> <!-- createOrgWithPhoneNumTest -->
  <testcase classname="com.comcast.crm.orgtest.CreateOrganizationTest" name="createOrgWithIndustryAndTypeTest" time="0.0">
    <ignored/>
  </testcase> <!-- createOrgWithIndustryAndTypeTest -->
</testsuite> <!-- Test -->
