<?xml version="1.0" encoding="UTF-8"?>
<testng-results ignored="2" total="3" passed="1" failed="0" skipped="0">
  <reporter-output>
  </reporter-output>
  <suite started-at="2024-09-16T17:08:16Z" name="Suite" finished-at="2024-09-16T17:08:42Z" duration-ms="26564">
    <groups>
      <group name="smokeTest">
        <method signature="CreateOrganizationTest.createOrganizationTest()[pri:0, instance:com.comcast.crm.orgtest.CreateOrganizationTest@6af9fcb2]" name="createOrganizationTest" class="com.comcast.crm.orgtest.CreateOrganizationTest"/>
      </group> <!-- smokeTest -->
    </groups>
    <test started-at="2024-09-16T17:08:16Z" name="Test" finished-at="2024-09-16T17:08:42Z" duration-ms="26564">
      <class name="com.comcast.crm.orgtest.CreateOrganizationTest">
        <test-method is-config="true" signature="configBS()[pri:0, instance:com.comcast.crm.orgtest.CreateOrganizationTest@6af9fcb2]" started-at="2024-09-16T17:08:15Z" name="configBS" finished-at="2024-09-16T17:08:16Z" duration-ms="296" status="PASS">
          <reporter-output>
          </reporter-output>
        </test-method> <!-- configBS -->
        <test-method is-config="true" signature="configBc()[pri:0, instance:com.comcast.crm.orgtest.CreateOrganizationTest@6af9fcb2]" started-at="2024-09-16T17:08:16Z" name="configBc" finished-at="2024-09-16T17:08:19Z" duration-ms="3502" status="PASS">
          <reporter-output>
          </reporter-output>
        </test-method> <!-- configBc -->
        <test-method is-config="true" signature="configBM()[pri:0, instance:com.comcast.crm.orgtest.CreateOrganizationTest@6af9fcb2]" started-at="2024-09-16T17:08:19Z" name="configBM" finished-at="2024-09-16T17:08:25Z" duration-ms="5614" status="PASS">
          <reporter-output>
          </reporter-output>
        </test-method> <!-- configBM -->
        <test-method signature="createOrganizationTest()[pri:0, instance:com.comcast.crm.orgtest.CreateOrganizationTest@6af9fcb2]" started-at="2024-09-16T17:08:25Z" name="createOrganizationTest" finished-at="2024-09-16T17:08:40Z" duration-ms="14775" status="PASS">
          <reporter-output>
          </reporter-output>
        </test-method> <!-- createOrganizationTest -->
        <test-method is-config="true" signature="configAm()[pri:0, instance:com.comcast.crm.orgtest.CreateOrganizationTest@6af9fcb2]" started-at="2024-09-16T17:08:40Z" name="configAm" finished-at="2024-09-16T17:08:42Z" duration-ms="2358" status="PASS">
          <reporter-output>
          </reporter-output>
        </test-method> <!-- configAm -->
        <test-method is-config="true" signature="config()[pri:0, instance:com.comcast.crm.orgtest.CreateOrganizationTest@6af9fcb2]" started-at="2024-09-16T17:08:42Z" name="config" finished-at="2024-09-16T17:08:42Z" duration-ms="283" status="PASS">
          <reporter-output>
          </reporter-output>
        </test-method> <!-- config -->
        <test-method is-config="true" signature="configAS()[pri:0, instance:com.comcast.crm.orgtest.CreateOrganizationTest@6af9fcb2]" started-at="2024-09-16T17:08:42Z" name="configAS" finished-at="2024-09-16T17:08:42Z" duration-ms="8" status="PASS">
          <reporter-output>
          </reporter-output>
        </test-method> <!-- configAS -->
      </class> <!-- com.comcast.crm.orgtest.CreateOrganizationTest -->
    </test> <!-- Test -->
  </suite> <!-- Suite -->
</testng-results>
